<?xml version="1.0" encoding="UTF-8"?>
<coverage generated="1614712830">
  <project timestamp="1614712830">
    <file name="C:\Users\ilhmu\Documents\GitHub\web\src\Application.php">
      <class name="Atom\Framework\Application" namespace="global">
        <metrics complexity="33" methods="28" coveredmethods="25" conditionals="0" coveredconditionals="0" statements="49" coveredstatements="43" elements="77" coveredelements="68"/>
      </class>
      <line num="58" type="method" name="__construct" visibility="public" complexity="3" crap="3" count="28"/>
      <line num="64" type="stmt" count="28"/>
      <line num="65" type="stmt" count="28"/>
      <line num="66" type="stmt" count="23"/>
      <line num="68" type="stmt" count="28"/>
      <line num="83" type="method" name="create" visibility="public" complexity="1" crap="1" count="9"/>
      <line num="88" type="stmt" count="9"/>
      <line num="94" type="method" name="with" visibility="public" complexity="1" crap="1" count="7"/>
      <line num="96" type="stmt" count="7"/>
      <line num="105" type="method" name="of" visibility="public" complexity="1" crap="1" count="28"/>
      <line num="107" type="stmt" count="28"/>
      <line num="118" type="method" name="prod" visibility="public" complexity="1" crap="1" count="1"/>
      <line num="120" type="stmt" count="1"/>
      <line num="131" type="method" name="dev" visibility="public" complexity="1" crap="1" count="1"/>
      <line num="133" type="stmt" count="1"/>
      <line num="144" type="method" name="test" visibility="public" complexity="1" crap="1" count="1"/>
      <line num="146" type="stmt" count="1"/>
      <line num="157" type="method" name="staging" visibility="public" complexity="1" crap="1" count="1"/>
      <line num="159" type="stmt" count="1"/>
      <line num="170" type="method" name="run" visibility="public" complexity="1" crap="1" count="1"/>
      <line num="172" type="stmt" count="1"/>
      <line num="173" type="stmt" count="1"/>
      <line num="174" type="stmt" count="1"/>
      <line num="186" type="method" name="handle" visibility="public" complexity="1" crap="2" count="0"/>
      <line num="188" type="stmt" count="0"/>
      <line num="189" type="stmt" count="0"/>
      <line num="199" type="method" name="emit" visibility="public" complexity="1" crap="2" count="0"/>
      <line num="201" type="stmt" count="0"/>
      <line num="202" type="stmt" count="0"/>
      <line num="204" type="method" name="container" visibility="public" complexity="1" crap="1" count="15"/>
      <line num="206" type="stmt" count="15"/>
      <line num="209" type="method" name="eventDispatcher" visibility="public" complexity="1" crap="1" count="1"/>
      <line num="211" type="stmt" count="1"/>
      <line num="221" type="method" name="requestHandler" visibility="public" complexity="2" crap="2" count="10"/>
      <line num="223" type="stmt" count="10"/>
      <line num="224" type="stmt" count="10"/>
      <line num="226" type="stmt" count="10"/>
      <line num="236" type="method" name="emitter" visibility="public" complexity="1" crap="1" count="1"/>
      <line num="238" type="stmt" count="1"/>
      <line num="248" type="method" name="path" visibility="public" complexity="2" crap="2" count="1"/>
      <line num="250" type="stmt" count="1"/>
      <line num="251" type="stmt" count="1"/>
      <line num="253" type="stmt" count="1"/>
      <line num="263" type="method" name="router" visibility="public" complexity="2" crap="2" count="5"/>
      <line num="265" type="stmt" count="5"/>
      <line num="266" type="stmt" count="5"/>
      <line num="268" type="stmt" count="5"/>
      <line num="279" type="method" name="withModules" visibility="public" complexity="1" crap="1" count="1"/>
      <line num="281" type="stmt" count="1"/>
      <line num="282" type="stmt" count="1"/>
      <line num="293" type="method" name="withModule" visibility="public" complexity="1" crap="1" count="1"/>
      <line num="295" type="stmt" count="1"/>
      <line num="296" type="stmt" count="1"/>
      <line num="309" type="method" name="group" visibility="public" complexity="1" crap="1" count="1"/>
      <line num="311" type="stmt" count="1"/>
      <line num="312" type="stmt" count="1"/>
      <line num="325" type="method" name="add" visibility="public" complexity="1" crap="1" count="1"/>
      <line num="327" type="stmt" count="1"/>
      <line num="328" type="stmt" count="1"/>
      <line num="340" type="method" name="load" visibility="public" complexity="1" crap="1" count="1"/>
      <line num="342" type="stmt" count="1"/>
      <line num="343" type="stmt" count="1"/>
      <line num="349" type="method" name="kernel" visibility="public" complexity="1" crap="1" count="22"/>
      <line num="351" type="stmt" count="22"/>
      <line num="357" type="method" name="getRegisteredProviders" visibility="public" complexity="1" crap="1" count="2"/>
      <line num="359" type="stmt" count="2"/>
      <line num="369" type="method" name="registerRoute" visibility="protected" complexity="1" crap="2" count="0"/>
      <line num="371" type="stmt" count="0"/>
      <line num="372" type="stmt" count="0"/>
      <line num="374" type="method" name="env" visibility="public" complexity="1" crap="1" count="5"/>
      <line num="376" type="stmt" count="5"/>
      <line num="385" type="method" name="use" visibility="public" complexity="1" crap="1" count="2"/>
      <line num="387" type="stmt" count="2"/>
      <line num="388" type="stmt" count="1"/>
      <line num="397" type="method" name="providers" visibility="public" complexity="1" crap="1" count="15"/>
      <line num="399" type="stmt" count="15"/>
      <line num="400" type="stmt" count="15"/>
      <metrics loc="402" ncloc="210" classes="1" methods="28" coveredmethods="25" conditionals="0" coveredconditionals="0" statements="49" coveredstatements="43" elements="77" coveredelements="68"/>
    </file>
    <file name="C:\Users\ilhmu\Documents\GitHub\web\src\ApplicationFactory.php">
      <class name="Atom\Framework\ApplicationFactory" namespace="global">
        <metrics complexity="16" methods="15" coveredmethods="14" conditionals="0" coveredconditionals="0" statements="32" coveredstatements="30" elements="47" coveredelements="44"/>
      </class>
      <line num="35" type="method" name="with" visibility="public" complexity="1" crap="1" count="8"/>
      <line num="37" type="stmt" count="8"/>
      <line num="40" type="method" name="new" visibility="public" complexity="1" crap="1" count="9"/>
      <line num="42" type="stmt" count="9"/>
      <line num="54" type="method" name="create" visibility="public" complexity="1" crap="1" count="14"/>
      <line num="56" type="stmt" count="14"/>
      <line num="57" type="stmt" count="14"/>
      <line num="58" type="stmt" count="14"/>
      <line num="59" type="stmt" count="14"/>
      <line num="60" type="stmt" count="14"/>
      <line num="68" type="method" name="container" visibility="public" complexity="1" crap="1" count="2"/>
      <line num="70" type="stmt" count="2"/>
      <line num="71" type="stmt" count="2"/>
      <line num="78" type="method" name="eventDispatcher" visibility="public" complexity="1" crap="1" count="2"/>
      <line num="80" type="stmt" count="2"/>
      <line num="81" type="stmt" count="2"/>
      <line num="88" type="method" name="router" visibility="public" complexity="1" crap="1" count="2"/>
      <line num="90" type="stmt" count="2"/>
      <line num="91" type="stmt" count="2"/>
      <line num="98" type="method" name="requestHandler" visibility="public" complexity="1" crap="1" count="6"/>
      <line num="100" type="stmt" count="6"/>
      <line num="101" type="stmt" count="6"/>
      <line num="108" type="method" name="emitter" visibility="public" complexity="1" crap="1" count="1"/>
      <line num="110" type="stmt" count="1"/>
      <line num="111" type="stmt" count="1"/>
      <line num="118" type="method" name="kernel" visibility="public" complexity="1" crap="1" count="1"/>
      <line num="120" type="stmt" count="1"/>
      <line num="121" type="stmt" count="1"/>
      <line num="128" type="method" name="in" visibility="public" complexity="1" crap="1" count="1"/>
      <line num="130" type="stmt" count="1"/>
      <line num="131" type="stmt" count="1"/>
      <line num="138" type="method" name="env" visibility="public" complexity="1" crap="1" count="1"/>
      <line num="140" type="stmt" count="1"/>
      <line num="147" type="method" name="providers" visibility="public" complexity="1" crap="2" count="0"/>
      <line num="149" type="stmt" count="0"/>
      <line num="150" type="stmt" count="0"/>
      <line num="153" type="method" name="getEnv" visibility="private" complexity="1" crap="1" count="13"/>
      <line num="155" type="stmt" count="13"/>
      <line num="165" type="method" name="makeKernel" visibility="private" complexity="2" crap="2" count="14"/>
      <line num="167" type="stmt" count="14"/>
      <line num="168" type="stmt" count="1"/>
      <line num="170" type="stmt" count="13"/>
      <line num="173" type="method" name="makeServiceProvider" visibility="private" complexity="1" crap="1" count="14"/>
      <line num="175" type="stmt" count="14"/>
      <line num="176" type="stmt" count="14"/>
      <line num="177" type="stmt" count="14"/>
      <line num="178" type="stmt" count="14"/>
      <metrics loc="180" ncloc="121" classes="1" methods="15" coveredmethods="14" conditionals="0" coveredconditionals="0" statements="32" coveredstatements="30" elements="47" coveredelements="44"/>
    </file>
    <file name="C:\Users\ilhmu\Documents\GitHub\web\src\Contracts\DiskContract.php">
      <metrics loc="14" ncloc="14" classes="0" methods="0" coveredmethods="0" conditionals="0" coveredconditionals="0" statements="0" coveredstatements="0" elements="0" coveredelements="0"/>
    </file>
    <file name="C:\Users\ilhmu\Documents\GitHub\web\src\Contracts\DiskManagerContract.php">
      <metrics loc="32" ncloc="18" classes="0" methods="0" coveredmethods="0" conditionals="0" coveredconditionals="0" statements="0" coveredstatements="0" elements="0" coveredelements="0"/>
    </file>
    <file name="C:\Users\ilhmu\Documents\GitHub\web\src\Contracts\EmitterContract.php">
      <metrics loc="11" ncloc="11" classes="0" methods="0" coveredmethods="0" conditionals="0" coveredconditionals="0" statements="0" coveredstatements="0" elements="0" coveredelements="0"/>
    </file>
    <file name="C:\Users\ilhmu\Documents\GitHub\web\src\Contracts\HasKernel.php">
      <metrics loc="13" ncloc="13" classes="0" methods="0" coveredmethods="0" conditionals="0" coveredconditionals="0" statements="0" coveredstatements="0" elements="0" coveredelements="0"/>
    </file>
    <file name="C:\Users\ilhmu\Documents\GitHub\web\src\Contracts\ModuleContract.php">
      <metrics loc="12" ncloc="12" classes="0" methods="0" coveredmethods="0" conditionals="0" coveredconditionals="0" statements="0" coveredstatements="0" elements="0" coveredelements="0"/>
    </file>
    <file name="C:\Users\ilhmu\Documents\GitHub\web\src\Contracts\RendererContract.php">
      <metrics loc="11" ncloc="11" classes="0" methods="0" coveredmethods="0" conditionals="0" coveredconditionals="0" statements="0" coveredstatements="0" elements="0" coveredelements="0"/>
    </file>
    <file name="C:\Users\ilhmu\Documents\GitHub\web\src\Contracts\RendererExtensionProvider.php">
      <metrics loc="9" ncloc="9" classes="0" methods="0" coveredmethods="0" conditionals="0" coveredconditionals="0" statements="0" coveredstatements="0" elements="0" coveredelements="0"/>
    </file>
    <file name="C:\Users\ilhmu\Documents\GitHub\web\src\Contracts\ServiceProviderContract.php">
      <metrics loc="11" ncloc="11" classes="0" methods="0" coveredmethods="0" conditionals="0" coveredconditionals="0" statements="0" coveredstatements="0" elements="0" coveredelements="0"/>
    </file>
    <file name="C:\Users\ilhmu\Documents\GitHub\web\src\Contracts\ValidatedRequestContract.php">
      <metrics loc="15" ncloc="15" classes="0" methods="0" coveredmethods="0" conditionals="0" coveredconditionals="0" statements="0" coveredstatements="0" elements="0" coveredelements="0"/>
    </file>
    <file name="C:\Users\ilhmu\Documents\GitHub\web\src\Env.php">
      <class name="Atom\Framework\Env" namespace="global">
        <metrics complexity="30" methods="16" coveredmethods="14" conditionals="0" coveredconditionals="0" statements="55" coveredstatements="51" elements="71" coveredelements="65"/>
      </class>
      <line num="42" type="method" name="default" visibility="public" complexity="1" crap="2" count="0"/>
      <line num="44" type="stmt" count="0"/>
      <line num="45" type="stmt" count="0"/>
      <line num="46" type="stmt" count="0"/>
      <line num="48" type="method" name="getDefaultEnv" visibility="public" complexity="1" crap="1" count="1"/>
      <line num="50" type="stmt" count="1"/>
      <line num="53" type="method" name="addAllowedEnv" visibility="public" complexity="2" crap="2" count="1"/>
      <line num="55" type="stmt" count="1"/>
      <line num="56" type="stmt" count="1"/>
      <line num="58" type="stmt" count="1"/>
      <line num="60" type="method" name="create" visibility="public" complexity="1" crap="1" count="5"/>
      <line num="62" type="stmt" count="5"/>
      <line num="65" type="method" name="__construct" visibility="public" complexity="1" crap="1" count="38"/>
      <line num="67" type="stmt" count="38"/>
      <line num="68" type="stmt" count="38"/>
      <line num="69" type="stmt" count="37"/>
      <line num="70" type="stmt" count="37"/>
      <line num="71" type="stmt" count="37"/>
      <line num="77" type="method" name="is" visibility="public" complexity="1" crap="1" count="8"/>
      <line num="79" type="stmt" count="8"/>
      <line num="85" type="method" name="isProduction" visibility="public" complexity="1" crap="1" count="5"/>
      <line num="87" type="stmt" count="5"/>
      <line num="93" type="method" name="isTesting" visibility="public" complexity="1" crap="1" count="2"/>
      <line num="95" type="stmt" count="2"/>
      <line num="101" type="method" name="isDev" visibility="public" complexity="1" crap="1" count="2"/>
      <line num="103" type="stmt" count="2"/>
      <line num="109" type="method" name="isStaging" visibility="public" complexity="1" crap="1" count="4"/>
      <line num="111" type="stmt" count="4"/>
      <line num="117" type="method" name="dotEnv" visibility="public" complexity="2" crap="2" count="29"/>
      <line num="119" type="stmt" count="29"/>
      <line num="120" type="stmt" count="29"/>
      <line num="121" type="stmt" count="29"/>
      <line num="122" type="stmt" count="29"/>
      <line num="125" type="stmt" count="29"/>
      <line num="133" type="method" name="get" visibility="public" complexity="11" crap="11" count="2"/>
      <line num="135" type="stmt" count="2"/>
      <line num="136" type="stmt" count="2"/>
      <line num="137" type="stmt" count="2"/>
      <line num="138" type="stmt" count="2"/>
      <line num="139" type="stmt" count="2"/>
      <line num="140" type="stmt" count="1"/>
      <line num="141" type="stmt" count="2"/>
      <line num="142" type="stmt" count="2"/>
      <line num="143" type="stmt" count="1"/>
      <line num="144" type="stmt" count="2"/>
      <line num="145" type="stmt" count="2"/>
      <line num="146" type="stmt" count="0"/>
      <line num="147" type="stmt" count="2"/>
      <line num="148" type="stmt" count="2"/>
      <line num="149" type="stmt" count="1"/>
      <line num="151" type="stmt" count="2"/>
      <line num="152" type="stmt" count="1"/>
      <line num="154" type="stmt" count="1"/>
      <line num="155" type="stmt" count="2"/>
      <line num="156" type="stmt" count="2"/>
      <line num="157" type="stmt" count="2"/>
      <line num="158" type="stmt" count="2"/>
      <line num="165" type="method" name="has" visibility="public" complexity="1" crap="1" count="1"/>
      <line num="167" type="stmt" count="1"/>
      <line num="171" type="method" name="__toString" visibility="public" complexity="1" crap="1" count="2"/>
      <line num="173" type="stmt" count="2"/>
      <line num="179" type="method" name="getRepository" visibility="private" complexity="2" crap="2" count="31"/>
      <line num="181" type="stmt" count="31"/>
      <line num="182" type="stmt" count="31"/>
      <line num="183" type="stmt" count="31"/>
      <line num="185" type="stmt" count="31"/>
      <line num="191" type="method" name="validateEnv" visibility="private" complexity="2" crap="2" count="38"/>
      <line num="193" type="stmt" count="38"/>
      <line num="194" type="stmt" count="1"/>
      <line num="195" type="stmt" count="1"/>
      <line num="198" type="stmt" count="37"/>
      <metrics loc="199" ncloc="153" classes="1" methods="16" coveredmethods="14" conditionals="0" coveredconditionals="0" statements="55" coveredstatements="51" elements="71" coveredelements="65"/>
    </file>
    <file name="C:\Users\ilhmu\Documents\GitHub\web\src\Events\AppFailed.php">
      <class name="Atom\Framework\Events\AppFailed" namespace="global">
        <metrics complexity="4" methods="4" coveredmethods="0" conditionals="0" coveredconditionals="0" statements="6" coveredstatements="0" elements="10" coveredelements="0"/>
      </class>
      <line num="29" type="method" name="__construct" visibility="public" complexity="1" crap="2" count="0"/>
      <line num="31" type="stmt" count="0"/>
      <line num="32" type="stmt" count="0"/>
      <line num="33" type="stmt" count="0"/>
      <line num="39" type="method" name="getException" visibility="public" complexity="1" crap="2" count="0"/>
      <line num="41" type="stmt" count="0"/>
      <line num="47" type="method" name="getHandler" visibility="public" complexity="1" crap="2" count="0"/>
      <line num="49" type="stmt" count="0"/>
      <line num="55" type="method" name="getRequest" visibility="public" complexity="1" crap="2" count="0"/>
      <line num="57" type="stmt" count="0"/>
      <metrics loc="59" ncloc="41" classes="1" methods="4" coveredmethods="0" conditionals="0" coveredconditionals="0" statements="6" coveredstatements="0" elements="10" coveredelements="0"/>
    </file>
    <file name="C:\Users\ilhmu\Documents\GitHub\web\src\Events\BootFailed.php">
      <class name="Atom\Framework\Events\BootFailed" namespace="global">
        <metrics complexity="3" methods="3" coveredmethods="0" conditionals="0" coveredconditionals="0" statements="4" coveredstatements="0" elements="7" coveredelements="0"/>
      </class>
      <line num="18" type="method" name="__construct" visibility="public" complexity="1" crap="2" count="0"/>
      <line num="20" type="stmt" count="0"/>
      <line num="21" type="stmt" count="0"/>
      <line num="27" type="method" name="getKernel" visibility="public" complexity="1" crap="2" count="0"/>
      <line num="29" type="stmt" count="0"/>
      <line num="35" type="method" name="getException" visibility="public" complexity="1" crap="2" count="0"/>
      <line num="37" type="stmt" count="0"/>
      <metrics loc="39" ncloc="30" classes="1" methods="3" coveredmethods="0" conditionals="0" coveredconditionals="0" statements="4" coveredstatements="0" elements="7" coveredelements="0"/>
    </file>
    <file name="C:\Users\ilhmu\Documents\GitHub\web\src\Events\MiddlewareLoaded.php">
      <class name="Atom\Framework\Events\MiddlewareLoaded" namespace="global">
        <metrics complexity="2" methods="2" coveredmethods="0" conditionals="0" coveredconditionals="0" statements="2" coveredstatements="0" elements="4" coveredelements="0"/>
      </class>
      <line num="16" type="method" name="__construct" visibility="public" complexity="1" crap="2" count="0"/>
      <line num="18" type="stmt" count="0"/>
      <line num="21" type="method" name="getRelatedMiddleware" visibility="public" complexity="1" crap="2" count="0"/>
      <line num="23" type="stmt" count="0"/>
      <metrics loc="25" ncloc="22" classes="1" methods="2" coveredmethods="0" conditionals="0" coveredconditionals="0" statements="2" coveredstatements="0" elements="4" coveredelements="0"/>
    </file>
    <file name="C:\Users\ilhmu\Documents\GitHub\web\src\Events\ServiceProviderRegistered.php">
      <class name="Atom\Framework\Events\ServiceProviderRegistered" namespace="global">
        <metrics complexity="1" methods="1" coveredmethods="1" conditionals="0" coveredconditionals="0" statements="2" coveredstatements="2" elements="3" coveredelements="3"/>
      </class>
      <line num="15" type="method" name="__construct" visibility="public" complexity="1" crap="1" count="28"/>
      <line num="17" type="stmt" count="28"/>
      <line num="18" type="stmt" count="28"/>
      <metrics loc="20" ncloc="17" classes="1" methods="1" coveredmethods="1" conditionals="0" coveredconditionals="0" statements="2" coveredstatements="2" elements="3" coveredelements="3"/>
    </file>
    <file name="C:\Users\ilhmu\Documents\GitHub\web\src\Events\ServiceProviderRegistrationFailed.php">
      <class name="Atom\Framework\Events\ServiceProviderRegistrationFailed" namespace="global">
        <metrics complexity="3" methods="3" coveredmethods="1" conditionals="0" coveredconditionals="0" statements="5" coveredstatements="3" elements="8" coveredelements="4"/>
      </class>
      <line num="21" type="method" name="__construct" visibility="public" complexity="1" crap="1" count="1"/>
      <line num="23" type="stmt" count="1"/>
      <line num="24" type="stmt" count="1"/>
      <line num="25" type="stmt" count="1"/>
      <line num="30" type="method" name="getException" visibility="public" complexity="1" crap="2" count="0"/>
      <line num="32" type="stmt" count="0"/>
      <line num="38" type="method" name="getContract" visibility="public" complexity="1" crap="2" count="0"/>
      <line num="40" type="stmt" count="0"/>
      <metrics loc="42" ncloc="30" classes="1" methods="3" coveredmethods="1" conditionals="0" coveredconditionals="0" statements="5" coveredstatements="3" elements="8" coveredelements="4"/>
    </file>
    <file name="C:\Users\ilhmu\Documents\GitHub\web\src\Exceptions\AppAlreadyBootedException.php">
      <class name="Atom\Framework\Exceptions\AppAlreadyBootedException" namespace="global">
        <metrics complexity="0" methods="0" coveredmethods="0" conditionals="0" coveredconditionals="0" statements="0" coveredstatements="0" elements="0" coveredelements="0"/>
      </class>
      <metrics loc="11" ncloc="11" classes="0" methods="0" coveredmethods="0" conditionals="0" coveredconditionals="0" statements="0" coveredstatements="0" elements="0" coveredelements="0"/>
    </file>
    <file name="C:\Users\ilhmu\Documents\GitHub\web\src\Exceptions\InvalidRouteHandlerException.php">
      <class name="Atom\Framework\Exceptions\InvalidRouteHandlerException" namespace="global">
        <metrics complexity="1" methods="1" coveredmethods="0" conditionals="0" coveredconditionals="0" statements="1" coveredstatements="0" elements="2" coveredelements="0"/>
      </class>
      <line num="12" type="method" name="__construct" visibility="public" complexity="1" crap="2" count="0"/>
      <line num="14" type="stmt" count="0"/>
      <metrics loc="16" ncloc="16" classes="1" methods="1" coveredmethods="0" conditionals="0" coveredconditionals="0" statements="1" coveredstatements="0" elements="2" coveredelements="0"/>
    </file>
    <file name="C:\Users\ilhmu\Documents\GitHub\web\src\Exceptions\RequestHandlerException.php">
      <class name="Atom\Framework\Exceptions\RequestHandlerException" namespace="global">
        <metrics complexity="0" methods="0" coveredmethods="0" conditionals="0" coveredconditionals="0" statements="0" coveredstatements="0" elements="0" coveredelements="0"/>
      </class>
      <metrics loc="7" ncloc="7" classes="0" methods="0" coveredmethods="0" conditionals="0" coveredconditionals="0" statements="0" coveredstatements="0" elements="0" coveredelements="0"/>
    </file>
    <file name="C:\Users\ilhmu\Documents\GitHub\web\src\FileSystem\DiskManager.php">
      <class name="Atom\Framework\FileSystem\DiskManager" namespace="global">
        <metrics complexity="9" methods="6" coveredmethods="0" conditionals="0" coveredconditionals="0" statements="11" coveredstatements="0" elements="17" coveredelements="0"/>
      </class>
      <line num="15" type="method" name="__construct" visibility="public" complexity="2" crap="6" count="0"/>
      <line num="17" type="stmt" count="0"/>
      <line num="18" type="stmt" count="0"/>
      <line num="27" type="method" name="add" visibility="protected" complexity="1" crap="2" count="0"/>
      <line num="29" type="stmt" count="0"/>
      <line num="37" type="method" name="get" visibility="public" complexity="2" crap="6" count="0"/>
      <line num="39" type="stmt" count="0"/>
      <line num="40" type="stmt" count="0"/>
      <line num="42" type="stmt" count="0"/>
      <line num="45" type="method" name="has" visibility="public" complexity="1" crap="2" count="0"/>
      <line num="47" type="stmt" count="0"/>
      <line num="54" type="method" name="remove" visibility="public" complexity="2" crap="6" count="0"/>
      <line num="56" type="stmt" count="0"/>
      <line num="57" type="stmt" count="0"/>
      <line num="59" type="stmt" count="0"/>
      <line num="67" type="method" name="disk" visibility="public" complexity="1" crap="2" count="0"/>
      <line num="69" type="stmt" count="0"/>
      <metrics loc="71" ncloc="50" classes="1" methods="6" coveredmethods="0" conditionals="0" coveredconditionals="0" statements="11" coveredstatements="0" elements="17" coveredelements="0"/>
    </file>
    <file name="C:\Users\ilhmu\Documents\GitHub\web\src\FileSystem\DiskManagerException.php">
      <class name="Atom\Framework\FileSystem\DiskManagerException" namespace="global">
        <metrics complexity="0" methods="0" coveredmethods="0" conditionals="0" coveredconditionals="0" statements="0" coveredstatements="0" elements="0" coveredelements="0"/>
      </class>
      <metrics loc="9" ncloc="9" classes="0" methods="0" coveredmethods="0" conditionals="0" coveredconditionals="0" statements="0" coveredstatements="0" elements="0" coveredelements="0"/>
    </file>
    <file name="C:\Users\ilhmu\Documents\GitHub\web\src\FileSystem\DiskManagerProvider.php">
      <class name="Atom\Framework\FileSystem\DiskManagerProvider" namespace="global">
        <metrics complexity="2" methods="2" coveredmethods="0" conditionals="0" coveredconditionals="0" statements="3" coveredstatements="0" elements="5" coveredelements="0"/>
      </class>
      <line num="17" type="method" name="__construct" visibility="public" complexity="1" crap="2" count="0"/>
      <line num="19" type="stmt" count="0"/>
      <line num="26" type="method" name="register" visibility="public" complexity="1" crap="2" count="0"/>
      <line num="28" type="stmt" count="0"/>
      <line num="29" type="stmt" count="0"/>
      <metrics loc="31" ncloc="24" classes="1" methods="2" coveredmethods="0" conditionals="0" coveredconditionals="0" statements="3" coveredstatements="0" elements="5" coveredelements="0"/>
    </file>
    <file name="C:\Users\ilhmu\Documents\GitHub\web\src\FileSystem\DiskNotFoundException.php">
      <class name="Atom\Framework\FileSystem\DiskNotFoundException" namespace="global">
        <metrics complexity="0" methods="0" coveredmethods="0" conditionals="0" coveredconditionals="0" statements="0" coveredstatements="0" elements="0" coveredelements="0"/>
      </class>
      <metrics loc="8" ncloc="8" classes="0" methods="0" coveredmethods="0" conditionals="0" coveredconditionals="0" statements="0" coveredstatements="0" elements="0" coveredelements="0"/>
    </file>
    <file name="C:\Users\ilhmu\Documents\GitHub\web\src\FileSystem\Disks\InMemory.php">
      <class name="Atom\Framework\FileSystem\Disks\InMemory" namespace="global">
        <metrics complexity="4" methods="4" coveredmethods="0" conditionals="0" coveredconditionals="0" statements="5" coveredstatements="0" elements="9" coveredelements="0"/>
      </class>
      <line num="21" type="method" name="__construct" visibility="public" complexity="1" crap="2" count="0"/>
      <line num="23" type="stmt" count="0"/>
      <line num="24" type="stmt" count="0"/>
      <line num="27" type="method" name="getAdapter" visibility="public" complexity="1" crap="2" count="0"/>
      <line num="29" type="stmt" count="0"/>
      <line num="32" type="method" name="getLabel" visibility="public" complexity="1" crap="2" count="0"/>
      <line num="34" type="stmt" count="0"/>
      <line num="37" type="method" name="getConfig" visibility="public" complexity="1" crap="2" count="0"/>
      <line num="39" type="stmt" count="0"/>
      <metrics loc="41" ncloc="35" classes="1" methods="4" coveredmethods="0" conditionals="0" coveredconditionals="0" statements="5" coveredstatements="0" elements="9" coveredelements="0"/>
    </file>
    <file name="C:\Users\ilhmu\Documents\GitHub\web\src\FileSystem\Disks\Local.php">
      <class name="Atom\Framework\FileSystem\Disks\Local" namespace="global">
        <metrics complexity="5" methods="5" coveredmethods="0" conditionals="0" coveredconditionals="0" statements="11" coveredstatements="0" elements="16" coveredelements="0"/>
      </class>
      <line num="59" type="method" name="__construct" visibility="public" complexity="1" crap="2" count="0"/>
      <line num="67" type="stmt" count="0"/>
      <line num="68" type="stmt" count="0"/>
      <line num="69" type="stmt" count="0"/>
      <line num="70" type="stmt" count="0"/>
      <line num="71" type="stmt" count="0"/>
      <line num="72" type="stmt" count="0"/>
      <line num="75" type="method" name="getAdapter" visibility="public" complexity="1" crap="2" count="0"/>
      <line num="77" type="stmt" count="0"/>
      <line num="85" type="method" name="getLabel" visibility="public" complexity="1" crap="2" count="0"/>
      <line num="87" type="stmt" count="0"/>
      <line num="90" type="method" name="getConfig" visibility="public" complexity="1" crap="2" count="0"/>
      <line num="92" type="stmt" count="0"/>
      <line num="99" type="method" name="withConfig" visibility="public" complexity="1" crap="2" count="0"/>
      <line num="101" type="stmt" count="0"/>
      <line num="102" type="stmt" count="0"/>
      <metrics loc="104" ncloc="70" classes="1" methods="5" coveredmethods="0" conditionals="0" coveredconditionals="0" statements="11" coveredstatements="0" elements="16" coveredelements="0"/>
    </file>
    <file name="C:\Users\ilhmu\Documents\GitHub\web\src\FileSystem\Path.php">
      <class name="Atom\Framework\FileSystem\Path" namespace="global">
        <metrics complexity="9" methods="6" coveredmethods="4" conditionals="0" coveredconditionals="0" statements="14" coveredstatements="12" elements="20" coveredelements="16"/>
      </class>
      <line num="17" type="method" name="__construct" visibility="public" complexity="2" crap="2" count="28"/>
      <line num="19" type="stmt" count="28"/>
      <line num="20" type="stmt" count="28"/>
      <line num="21" type="stmt" count="27"/>
      <line num="23" type="stmt" count="28"/>
      <line num="24" type="stmt" count="28"/>
      <line num="26" type="method" name="join" visibility="public" complexity="1" crap="1" count="28"/>
      <line num="28" type="stmt" count="28"/>
      <line num="35" type="method" name="app" visibility="public" complexity="2" crap="2.15" count="1"/>
      <line num="37" type="stmt" count="1"/>
      <line num="38" type="stmt" count="0"/>
      <line num="40" type="stmt" count="1"/>
      <line num="43" type="method" name="removeTrailingSlash" visibility="private" complexity="1" crap="1" count="28"/>
      <line num="45" type="stmt" count="28"/>
      <line num="48" type="method" name="__toString" visibility="public" complexity="1" crap="1" count="1"/>
      <line num="50" type="stmt" count="1"/>
      <line num="57" type="method" name="public" visibility="public" complexity="2" crap="2.15" count="1"/>
      <line num="59" type="stmt" count="1"/>
      <line num="60" type="stmt" count="1"/>
      <line num="62" type="stmt" count="0"/>
      <metrics loc="64" ncloc="50" classes="1" methods="6" coveredmethods="4" conditionals="0" coveredconditionals="0" statements="14" coveredstatements="12" elements="20" coveredelements="16"/>
    </file>
    <file name="C:\Users\ilhmu\Documents\GitHub\web\src\FileSystem\PathProvider.php">
      <class name="Atom\Framework\FileSystem\PathProvider" namespace="global">
        <metrics complexity="2" methods="2" coveredmethods="0" conditionals="0" coveredconditionals="0" statements="3" coveredstatements="0" elements="5" coveredelements="0"/>
      </class>
      <line num="18" type="method" name="__construct" visibility="public" complexity="1" crap="2" count="0"/>
      <line num="21" type="stmt" count="0"/>
      <line num="28" type="method" name="register" visibility="public" complexity="1" crap="2" count="0"/>
      <line num="30" type="stmt" count="0"/>
      <line num="31" type="stmt" count="0"/>
      <metrics loc="36" ncloc="29" classes="1" methods="2" coveredmethods="0" conditionals="0" coveredconditionals="0" statements="3" coveredstatements="0" elements="5" coveredelements="0"/>
    </file>
    <file name="C:\Users\ilhmu\Documents\GitHub\web\src\Http\AbstractModule.php">
      <class name="Atom\Framework\Http\AbstractModule" namespace="global">
        <metrics complexity="6" methods="4" coveredmethods="0" conditionals="0" coveredconditionals="0" statements="9" coveredstatements="0" elements="13" coveredelements="0"/>
      </class>
      <line num="47" type="method" name="__construct" visibility="public" complexity="1" crap="2" count="0"/>
      <line num="53" type="stmt" count="0"/>
      <line num="54" type="stmt" count="0"/>
      <line num="55" type="stmt" count="0"/>
      <line num="56" type="stmt" count="0"/>
      <line num="62" type="method" name="bootstrap" visibility="public" complexity="1" crap="2" count="0"/>
      <line num="65" type="stmt" count="0"/>
      <line num="66" type="stmt" count="0"/>
      <line num="67" type="stmt" count="0"/>
      <line num="72" type="method" name="getModuleName" visibility="public" complexity="1" crap="2" count="0"/>
      <line num="74" type="stmt" count="0"/>
      <line num="77" type="method" name="getModuleDescription" visibility="public" complexity="1" crap="2" count="0"/>
      <line num="79" type="stmt" count="0"/>
      <metrics loc="89" ncloc="64" classes="1" methods="4" coveredmethods="0" conditionals="0" coveredconditionals="0" statements="9" coveredstatements="0" elements="13" coveredelements="0"/>
    </file>
    <file name="C:\Users\ilhmu\Documents\GitHub\web\src\Http\Emitter\AbstractSapiEmitter.php">
      <class name="Atom\Framework\Http\Emitter\AbstractSapiEmitter" namespace="global">
        <metrics complexity="19" methods="6" coveredmethods="0" conditionals="0" coveredconditionals="0" statements="47" coveredstatements="0" elements="53" coveredelements="0"/>
      </class>
      <line num="34" type="method" name="assertNoPreviousOutput" visibility="protected" complexity="4" crap="20" count="0"/>
      <line num="36" type="stmt" count="0"/>
      <line num="38" type="stmt" count="0"/>
      <line num="39" type="stmt" count="0"/>
      <line num="41" type="stmt" count="0"/>
      <line num="43" type="stmt" count="0"/>
      <line num="44" type="stmt" count="0"/>
      <line num="48" type="stmt" count="0"/>
      <line num="49" type="stmt" count="0"/>
      <line num="51" type="stmt" count="0"/>
      <line num="56" type="method" name="emitStatusLine" visibility="protected" complexity="1" crap="2" count="0"/>
      <line num="58" type="stmt" count="0"/>
      <line num="60" type="stmt" count="0"/>
      <line num="61" type="stmt" count="0"/>
      <line num="62" type="stmt" count="0"/>
      <line num="64" type="stmt" count="0"/>
      <line num="65" type="stmt" count="0"/>
      <line num="66" type="stmt" count="0"/>
      <line num="69" type="stmt" count="0"/>
      <line num="72" type="stmt" count="0"/>
      <line num="77" type="method" name="emitHeaders" visibility="protected" complexity="3" crap="12" count="0"/>
      <line num="79" type="stmt" count="0"/>
      <line num="81" type="stmt" count="0"/>
      <line num="82" type="stmt" count="0"/>
      <line num="83" type="stmt" count="0"/>
      <line num="85" type="stmt" count="0"/>
      <line num="86" type="stmt" count="0"/>
      <line num="87" type="stmt" count="0"/>
      <line num="88" type="stmt" count="0"/>
      <line num="89" type="stmt" count="0"/>
      <line num="90" type="stmt" count="0"/>
      <line num="96" type="stmt" count="0"/>
      <line num="99" type="stmt" count="0"/>
      <line num="108" type="method" name="toWordCase" visibility="protected" complexity="1" crap="2" count="0"/>
      <line num="110" type="stmt" count="0"/>
      <line num="111" type="stmt" count="0"/>
      <line num="113" type="stmt" count="0"/>
      <line num="122" type="method" name="closeConnection" visibility="protected" complexity="3" crap="12" count="0"/>
      <line num="124" type="stmt" count="0"/>
      <line num="125" type="stmt" count="0"/>
      <line num="128" type="stmt" count="0"/>
      <line num="129" type="stmt" count="0"/>
      <line num="131" type="stmt" count="0"/>
      <line num="133" type="method" name="closeOutputBuffers" visibility="public" complexity="7" crap="56" count="0"/>
      <line num="135" type="stmt" count="0"/>
      <line num="136" type="stmt" count="0"/>
      <line num="138" type="stmt" count="0"/>
      <line num="140" type="stmt" count="0"/>
      <line num="141" type="stmt" count="0"/>
      <line num="142" type="stmt" count="0"/>
      <line num="143" type="stmt" count="0"/>
      <line num="145" type="stmt" count="0"/>
      <line num="148" type="stmt" count="0"/>
      <metrics loc="149" ncloc="126" classes="1" methods="6" coveredmethods="0" conditionals="0" coveredconditionals="0" statements="47" coveredstatements="0" elements="53" coveredelements="0"/>
    </file>
    <file name="C:\Users\ilhmu\Documents\GitHub\web\src\Http\Emitter\NoneEmitter.php">
      <class name="Atom\Framework\Http\Emitter\NoneEmitter" namespace="global">
        <metrics complexity="1" methods="0" coveredmethods="0" conditionals="0" coveredconditionals="0" statements="0" coveredstatements="0" elements="0" coveredelements="0"/>
      </class>
      <metrics loc="15" ncloc="15" classes="0" methods="0" coveredmethods="0" conditionals="0" coveredconditionals="0" statements="0" coveredstatements="0" elements="0" coveredelements="0"/>
    </file>
    <file name="C:\Users\ilhmu\Documents\GitHub\web\src\Http\Emitter\SapiEmitter.php">
      <class name="Atom\Framework\Http\Emitter\SapiEmitter" namespace="global">
        <metrics complexity="2" methods="2" coveredmethods="0" conditionals="0" coveredconditionals="0" statements="8" coveredstatements="0" elements="10" coveredelements="0"/>
      </class>
      <line num="16" type="method" name="emit" visibility="public" complexity="1" crap="2" count="0"/>
      <line num="18" type="stmt" count="0"/>
      <line num="20" type="stmt" count="0"/>
      <line num="23" type="stmt" count="0"/>
      <line num="25" type="stmt" count="0"/>
      <line num="27" type="stmt" count="0"/>
      <line num="28" type="stmt" count="0"/>
      <line num="35" type="method" name="emitBody" visibility="private" complexity="1" crap="2" count="0"/>
      <line num="37" type="stmt" count="0"/>
      <line num="38" type="stmt" count="0"/>
      <metrics loc="39" ncloc="27" classes="1" methods="2" coveredmethods="0" conditionals="0" coveredconditionals="0" statements="8" coveredstatements="0" elements="10" coveredelements="0"/>
    </file>
    <file name="C:\Users\ilhmu\Documents\GitHub\web\src\Http\Emitter\SapiStreamEmitter.php">
      <class name="Atom\Framework\Http\Emitter\SapiStreamEmitter" namespace="global">
        <metrics complexity="20" methods="5" coveredmethods="0" conditionals="0" coveredconditionals="0" statements="51" coveredstatements="0" elements="56" coveredelements="0"/>
      </class>
      <line num="35" type="method" name="setMaxBufferLength" visibility="public" complexity="1" crap="2" count="0"/>
      <line num="37" type="stmt" count="0"/>
      <line num="39" type="stmt" count="0"/>
      <line num="45" type="method" name="emit" visibility="public" complexity="3" crap="12" count="0"/>
      <line num="47" type="stmt" count="0"/>
      <line num="49" type="stmt" count="0"/>
      <line num="52" type="stmt" count="0"/>
      <line num="54" type="stmt" count="0"/>
      <line num="56" type="stmt" count="0"/>
      <line num="57" type="stmt" count="0"/>
      <line num="59" type="stmt" count="0"/>
      <line num="62" type="stmt" count="0"/>
      <line num="63" type="stmt" count="0"/>
      <line num="71" type="method" name="emitBody" visibility="private" complexity="5" crap="30" count="0"/>
      <line num="73" type="stmt" count="0"/>
      <line num="75" type="stmt" count="0"/>
      <line num="76" type="stmt" count="0"/>
      <line num="79" type="stmt" count="0"/>
      <line num="80" type="stmt" count="0"/>
      <line num="82" type="stmt" count="0"/>
      <line num="85" type="stmt" count="0"/>
      <line num="86" type="stmt" count="0"/>
      <line num="88" type="stmt" count="0"/>
      <line num="89" type="stmt" count="0"/>
      <line num="92" type="stmt" count="0"/>
      <line num="101" type="method" name="emitBodyRange" visibility="private" complexity="8" crap="72" count="0"/>
      <line num="103" type="stmt" count="0"/>
      <line num="105" type="stmt" count="0"/>
      <line num="107" type="stmt" count="0"/>
      <line num="109" type="stmt" count="0"/>
      <line num="110" type="stmt" count="0"/>
      <line num="111" type="stmt" count="0"/>
      <line num="114" type="stmt" count="0"/>
      <line num="115" type="stmt" count="0"/>
      <line num="117" type="stmt" count="0"/>
      <line num="120" type="stmt" count="0"/>
      <line num="122" type="stmt" count="0"/>
      <line num="123" type="stmt" count="0"/>
      <line num="124" type="stmt" count="0"/>
      <line num="126" type="stmt" count="0"/>
      <line num="128" type="stmt" count="0"/>
      <line num="129" type="stmt" count="0"/>
      <line num="133" type="stmt" count="0"/>
      <line num="134" type="stmt" count="0"/>
      <line num="136" type="stmt" count="0"/>
      <line num="147" type="method" name="parseContentRange" visibility="private" complexity="3" crap="12" count="0"/>
      <line num="149" type="stmt" count="0"/>
      <line num="150" type="stmt" count="0"/>
      <line num="151" type="stmt" count="0"/>
      <line num="152" type="stmt" count="0"/>
      <line num="153" type="stmt" count="0"/>
      <line num="155" type="stmt" count="0"/>
      <line num="156" type="stmt" count="0"/>
      <line num="157" type="stmt" count="0"/>
      <line num="158" type="stmt" count="0"/>
      <line num="162" type="stmt" count="0"/>
      <metrics loc="164" ncloc="123" classes="1" methods="5" coveredmethods="0" conditionals="0" coveredconditionals="0" statements="51" coveredstatements="0" elements="56" coveredelements="0"/>
    </file>
    <file name="C:\Users\ilhmu\Documents\GitHub\web\src\Http\Format.php">
      <class name="Atom\Framework\Http\Format" namespace="global">
        <metrics complexity="1" methods="1" coveredmethods="0" conditionals="0" coveredconditionals="0" statements="1" coveredstatements="0" elements="2" coveredelements="0"/>
      </class>
      <line num="189" type="method" name="getFormat" visibility="public" complexity="1" crap="2" count="0"/>
      <line num="191" type="stmt" count="0"/>
      <metrics loc="193" ncloc="193" classes="1" methods="1" coveredmethods="0" conditionals="0" coveredconditionals="0" statements="1" coveredstatements="0" elements="2" coveredelements="0"/>
    </file>
    <file name="C:\Users\ilhmu\Documents\GitHub\web\src\Http\JsonStringResponse.php">
      <class name="Atom\Framework\Http\JsonStringResponse" namespace="global">
        <metrics complexity="7" methods="7" coveredmethods="0" conditionals="0" coveredconditionals="0" statements="17" coveredstatements="0" elements="24" coveredelements="0"/>
      </class>
      <line num="26" type="method" name="__construct" visibility="public" complexity="1" crap="2" count="0"/>
      <line num="33" type="stmt" count="0"/>
      <line num="34" type="stmt" count="0"/>
      <line num="35" type="stmt" count="0"/>
      <line num="36" type="stmt" count="0"/>
      <line num="37" type="stmt" count="0"/>
      <line num="43" type="method" name="getPayload" visibility="public" complexity="1" crap="2" count="0"/>
      <line num="45" type="stmt" count="0"/>
      <line num="48" type="method" name="getEncodingOptions" visibility="public" complexity="1" crap="2" count="0"/>
      <line num="50" type="stmt" count="0"/>
      <line num="53" type="method" name="withEncodingOptions" visibility="public" complexity="1" crap="2" count="0"/>
      <line num="55" type="stmt" count="0"/>
      <line num="56" type="stmt" count="0"/>
      <line num="57" type="stmt" count="0"/>
      <line num="60" type="method" name="createBodyFromJson" visibility="private" complexity="1" crap="2" count="0"/>
      <line num="62" type="stmt" count="0"/>
      <line num="63" type="stmt" count="0"/>
      <line num="64" type="stmt" count="0"/>
      <line num="66" type="stmt" count="0"/>
      <line num="72" type="method" name="setPayload" visibility="private" complexity="1" crap="2" count="0"/>
      <line num="74" type="stmt" count="0"/>
      <line num="83" type="method" name="updateBodyFor" visibility="private" complexity="1" crap="2" count="0"/>
      <line num="85" type="stmt" count="0"/>
      <line num="86" type="stmt" count="0"/>
      <metrics loc="88" ncloc="70" classes="1" methods="7" coveredmethods="0" conditionals="0" coveredconditionals="0" statements="17" coveredstatements="0" elements="24" coveredelements="0"/>
    </file>
    <file name="C:\Users\ilhmu\Documents\GitHub\web\src\Http\Middlewares\AbstractMiddleware.php">
      <class name="Atom\Framework\Http\Middlewares\AbstractMiddleware" namespace="global">
        <metrics complexity="1" methods="1" coveredmethods="0" conditionals="0" coveredconditionals="0" statements="1" coveredstatements="0" elements="2" coveredelements="0"/>
      </class>
      <line num="18" type="method" name="process" visibility="public" complexity="1" crap="2" count="0"/>
      <line num="20" type="stmt" count="0"/>
      <metrics loc="24" ncloc="19" classes="1" methods="1" coveredmethods="0" conditionals="0" coveredconditionals="0" statements="1" coveredstatements="0" elements="2" coveredelements="0"/>
    </file>
    <file name="C:\Users\ilhmu\Documents\GitHub\web\src\Http\Middlewares\DefinitionToResponseTrait.php">
      <class name="Atom\Framework\Http\Middlewares\DefinitionToResponseTrait" namespace="global">
        <metrics complexity="5" methods="1" coveredmethods="0" conditionals="0" coveredconditionals="0" statements="18" coveredstatements="0" elements="19" coveredelements="0"/>
      </class>
      <line num="26" type="method" name="definitionToResponse" visibility="public" complexity="5" crap="30" count="0"/>
      <line num="34" type="stmt" count="0"/>
      <line num="35" type="stmt" count="0"/>
      <line num="36" type="stmt" count="0"/>
      <line num="37" type="stmt" count="0"/>
      <line num="38" type="stmt" count="0"/>
      <line num="40" type="stmt" count="0"/>
      <line num="45" type="stmt" count="0"/>
      <line num="46" type="stmt" count="0"/>
      <line num="48" type="stmt" count="0"/>
      <line num="49" type="stmt" count="0"/>
      <line num="51" type="stmt" count="0"/>
      <line num="52" type="stmt" count="0"/>
      <line num="53" type="stmt" count="0"/>
      <line num="54" type="stmt" count="0"/>
      <line num="55" type="stmt" count="0"/>
      <line num="57" type="stmt" count="0"/>
      <line num="58" type="stmt" count="0"/>
      <line num="60" type="stmt" count="0"/>
      <metrics loc="62" ncloc="53" classes="1" methods="1" coveredmethods="0" conditionals="0" coveredconditionals="0" statements="18" coveredstatements="0" elements="19" coveredelements="0"/>
    </file>
    <file name="C:\Users\ilhmu\Documents\GitHub\web\src\Http\Middlewares\DispatchRoutes.php">
      <class name="Atom\Framework\Http\Middlewares\DispatchRoutes" namespace="global">
        <metrics complexity="13" methods="3" coveredmethods="0" conditionals="0" coveredconditionals="0" statements="28" coveredstatements="0" elements="31" coveredelements="0"/>
      </class>
      <line num="31" type="method" name="__construct" visibility="public" complexity="1" crap="2" count="0"/>
      <line num="33" type="stmt" count="0"/>
      <line num="34" type="stmt" count="0"/>
      <line num="48" type="method" name="run" visibility="public" complexity="4" crap="20" count="0"/>
      <line num="50" type="stmt" count="0"/>
      <line num="51" type="stmt" count="0"/>
      <line num="52" type="stmt" count="0"/>
      <line num="53" type="stmt" count="0"/>
      <line num="54" type="stmt" count="0"/>
      <line num="55" type="stmt" count="0"/>
      <line num="56" type="stmt" count="0"/>
      <line num="57" type="stmt" count="0"/>
      <line num="58" type="stmt" count="0"/>
      <line num="59" type="stmt" count="0"/>
      <line num="60" type="stmt" count="0"/>
      <line num="63" type="stmt" count="0"/>
      <line num="64" type="stmt" count="0"/>
      <line num="78" type="method" name="asMiddleware" visibility="private" complexity="8" crap="72" count="0"/>
      <line num="84" type="stmt" count="0"/>
      <line num="85" type="stmt" count="0"/>
      <line num="87" type="stmt" count="0"/>
      <line num="88" type="stmt" count="0"/>
      <line num="90" type="stmt" count="0"/>
      <line num="91" type="stmt" count="0"/>
      <line num="93" type="stmt" count="0"/>
      <line num="94" type="stmt" count="0"/>
      <line num="100" type="stmt" count="0"/>
      <line num="101" type="stmt" count="0"/>
      <line num="102" type="stmt" count="0"/>
      <line num="103" type="stmt" count="0"/>
      <line num="110" type="stmt" count="0"/>
      <metrics loc="112" ncloc="84" classes="1" methods="3" coveredmethods="0" conditionals="0" coveredconditionals="0" statements="28" coveredstatements="0" elements="31" coveredelements="0"/>
    </file>
    <file name="C:\Users\ilhmu\Documents\GitHub\web\src\Http\Middlewares\FunctionCallback.php">
      <class name="Atom\Framework\Http\Middlewares\FunctionCallback" namespace="global">
        <metrics complexity="3" methods="3" coveredmethods="0" conditionals="0" coveredconditionals="0" statements="6" coveredstatements="0" elements="9" coveredelements="0"/>
      </class>
      <line num="37" type="method" name="__construct" visibility="public" complexity="1" crap="2" count="0"/>
      <line num="40" type="stmt" count="0"/>
      <line num="41" type="stmt" count="0"/>
      <line num="42" type="stmt" count="0"/>
      <line num="51" type="method" name="run" visibility="public" complexity="1" crap="2" count="0"/>
      <line num="53" type="stmt" count="0"/>
      <line num="65" type="method" name="call" visibility="public" complexity="1" crap="2" count="0"/>
      <line num="72" type="stmt" count="0"/>
      <line num="73" type="stmt" count="0"/>
      <metrics loc="75" ncloc="45" classes="1" methods="3" coveredmethods="0" conditionals="0" coveredconditionals="0" statements="6" coveredstatements="0" elements="9" coveredelements="0"/>
    </file>
    <file name="C:\Users\ilhmu\Documents\GitHub\web\src\Http\Middlewares\MethodCallback.php">
      <class name="Atom\Framework\Http\Middlewares\MethodCallback" namespace="global">
        <metrics complexity="3" methods="3" coveredmethods="0" conditionals="0" coveredconditionals="0" statements="7" coveredstatements="0" elements="10" coveredelements="0"/>
      </class>
      <line num="30" type="method" name="__construct" visibility="public" complexity="1" crap="2" count="0"/>
      <line num="33" type="stmt" count="0"/>
      <line num="34" type="stmt" count="0"/>
      <line num="35" type="stmt" count="0"/>
      <line num="36" type="stmt" count="0"/>
      <line num="45" type="method" name="run" visibility="public" complexity="1" crap="2" count="0"/>
      <line num="47" type="stmt" count="0"/>
      <line num="60" type="method" name="call" visibility="public" complexity="1" crap="2" count="0"/>
      <line num="68" type="stmt" count="0"/>
      <line num="69" type="stmt" count="0"/>
      <metrics loc="71" ncloc="46" classes="1" methods="3" coveredmethods="0" conditionals="0" coveredconditionals="0" statements="7" coveredstatements="0" elements="10" coveredelements="0"/>
    </file>
    <file name="C:\Users\ilhmu\Documents\GitHub\web\src\Http\Middlewares\Pipeline.php">
      <class name="Atom\Framework\Http\Middlewares\Pipeline" namespace="global">
        <metrics complexity="3" methods="3" coveredmethods="0" conditionals="0" coveredconditionals="0" statements="4" coveredstatements="0" elements="7" coveredelements="0"/>
      </class>
      <line num="23" type="method" name="__construct" visibility="public" complexity="1" crap="2" count="0"/>
      <line num="25" type="stmt" count="0"/>
      <line num="38" type="method" name="run" visibility="public" complexity="1" crap="2" count="0"/>
      <line num="40" type="stmt" count="0"/>
      <line num="41" type="stmt" count="0"/>
      <line num="44" type="method" name="create" visibility="public" complexity="1" crap="2" count="0"/>
      <line num="46" type="stmt" count="0"/>
      <metrics loc="48" ncloc="35" classes="1" methods="3" coveredmethods="0" conditionals="0" coveredconditionals="0" statements="4" coveredstatements="0" elements="7" coveredelements="0"/>
    </file>
    <file name="C:\Users\ilhmu\Documents\GitHub\web\src\Http\Request.php">
      <class name="Atom\Framework\Http\Request" namespace="global">
        <metrics complexity="32" methods="14" coveredmethods="0" conditionals="0" coveredconditionals="0" statements="39" coveredstatements="0" elements="53" coveredelements="0"/>
      </class>
      <line num="22" type="method" name="incoming" visibility="public" complexity="1" crap="2" count="0"/>
      <line num="24" type="stmt" count="0"/>
      <line num="27" type="method" name="convert" visibility="public" complexity="2" crap="6" count="0"/>
      <line num="29" type="stmt" count="0"/>
      <line num="41" type="stmt" count="0"/>
      <line num="42" type="stmt" count="0"/>
      <line num="44" type="stmt" count="0"/>
      <line num="47" type="method" name="route" visibility="public" complexity="1" crap="2" count="0"/>
      <line num="49" type="stmt" count="0"/>
      <line num="52" type="method" name="isJson" visibility="public" complexity="2" crap="6" count="0"/>
      <line num="54" type="stmt" count="0"/>
      <line num="55" type="stmt" count="0"/>
      <line num="63" type="method" name="expectsJson" visibility="public" complexity="4" crap="20" count="0"/>
      <line num="65" type="stmt" count="0"/>
      <line num="71" type="method" name="isAjax" visibility="public" complexity="1" crap="2" count="0"/>
      <line num="73" type="stmt" count="0"/>
      <line num="79" type="method" name="isPjax" visibility="public" complexity="1" crap="2" count="0"/>
      <line num="81" type="stmt" count="0"/>
      <line num="88" type="method" name="wantsJson" visibility="public" complexity="3" crap="12" count="0"/>
      <line num="90" type="stmt" count="0"/>
      <line num="91" type="stmt" count="0"/>
      <line num="92" type="stmt" count="0"/>
      <line num="94" type="stmt" count="0"/>
      <line num="95" type="stmt" count="0"/>
      <line num="102" type="method" name="accepts" visibility="public" complexity="6" crap="42" count="0"/>
      <line num="104" type="stmt" count="0"/>
      <line num="105" type="stmt" count="0"/>
      <line num="106" type="stmt" count="0"/>
      <line num="108" type="stmt" count="0"/>
      <line num="109" type="stmt" count="0"/>
      <line num="110" type="stmt" count="0"/>
      <line num="111" type="stmt" count="0"/>
      <line num="113" type="stmt" count="0"/>
      <line num="114" type="stmt" count="0"/>
      <line num="117" type="stmt" count="0"/>
      <line num="125" type="method" name="acceptsAnyContentType" visibility="public" complexity="4" crap="20" count="0"/>
      <line num="127" type="stmt" count="0"/>
      <line num="129" type="stmt" count="0"/>
      <line num="139" type="method" name="acceptsJson" visibility="public" complexity="1" crap="2" count="0"/>
      <line num="141" type="stmt" count="0"/>
      <line num="149" type="method" name="acceptsHtml" visibility="public" complexity="1" crap="2" count="0"/>
      <line num="151" type="stmt" count="0"/>
      <line num="160" type="method" name="format" visibility="public" complexity="3" crap="12" count="0"/>
      <line num="162" type="stmt" count="0"/>
      <line num="163" type="stmt" count="0"/>
      <line num="164" type="stmt" count="0"/>
      <line num="167" type="stmt" count="0"/>
      <line num="173" type="method" name="getAcceptableContentTypes" visibility="private" complexity="2" crap="6" count="0"/>
      <line num="175" type="stmt" count="0"/>
      <line num="176" type="stmt" count="0"/>
      <line num="177" type="stmt" count="0"/>
      <line num="178" type="stmt" count="0"/>
      <line num="180" type="stmt" count="0"/>
      <metrics loc="182" ncloc="137" classes="1" methods="14" coveredmethods="0" conditionals="0" coveredconditionals="0" statements="39" coveredstatements="0" elements="53" coveredelements="0"/>
    </file>
    <file name="C:\Users\ilhmu\Documents\GitHub\web\src\Http\RequestHandler.php">
      <class name="Atom\Framework\Http\RequestHandler" namespace="global">
        <metrics complexity="41" methods="23" coveredmethods="4" conditionals="0" coveredconditionals="0" statements="78" coveredstatements="7" elements="101" coveredelements="11"/>
      </class>
      <line num="78" type="method" name="__construct" visibility="public" complexity="1" crap="1" count="23"/>
      <line num="82" type="stmt" count="23"/>
      <line num="83" type="stmt" count="23"/>
      <line num="84" type="stmt" count="23"/>
      <line num="85" type="stmt" count="23"/>
      <line num="90" type="method" name="router" visibility="public" complexity="1" crap="2" count="0"/>
      <line num="92" type="stmt" count="0"/>
      <line num="102" type="method" name="getKernel" visibility="public" complexity="1" crap="1" count="1"/>
      <line num="104" type="stmt" count="1"/>
      <line num="110" type="method" name="getMiddlewares" visibility="public" complexity="1" crap="2" count="0"/>
      <line num="112" type="stmt" count="0"/>
      <line num="122" type="method" name="run" visibility="public" complexity="1" crap="2" count="0"/>
      <line num="124" type="stmt" count="0"/>
      <line num="125" type="stmt" count="0"/>
      <line num="126" type="stmt" count="0"/>
      <line num="131" type="method" name="container" visibility="public" complexity="1" crap="1" count="23"/>
      <line num="133" type="stmt" count="23"/>
      <line num="141" type="method" name="add" visibility="public" complexity="1" crap="2" count="0"/>
      <line num="143" type="stmt" count="0"/>
      <line num="144" type="stmt" count="0"/>
      <line num="145" type="stmt" count="0"/>
      <line num="152" type="method" name="withModule" visibility="public" complexity="1" crap="2" count="0"/>
      <line num="154" type="stmt" count="0"/>
      <line num="155" type="stmt" count="0"/>
      <line num="162" type="method" name="withModules" visibility="public" complexity="2" crap="6" count="0"/>
      <line num="164" type="stmt" count="0"/>
      <line num="165" type="stmt" count="0"/>
      <line num="167" type="stmt" count="0"/>
      <line num="175" type="method" name="next" visibility="public" complexity="1" crap="2" count="0"/>
      <line num="177" type="stmt" count="0"/>
      <line num="178" type="stmt" count="0"/>
      <line num="179" type="stmt" count="0"/>
      <line num="191" type="method" name="handle" visibility="public" complexity="5" crap="30" count="0"/>
      <line num="194" type="stmt" count="0"/>
      <line num="195" type="stmt" count="0"/>
      <line num="199" type="stmt" count="0"/>
      <line num="200" type="stmt" count="0"/>
      <line num="202" type="stmt" count="0"/>
      <line num="203" type="stmt" count="0"/>
      <line num="206" type="stmt" count="0"/>
      <line num="207" type="stmt" count="0"/>
      <line num="208" type="stmt" count="0"/>
      <line num="209" type="stmt" count="0"/>
      <line num="210" type="stmt" count="0"/>
      <line num="212" type="stmt" count="0"/>
      <line num="213" type="stmt" count="0"/>
      <line num="214" type="stmt" count="0"/>
      <line num="215" type="stmt" count="0"/>
      <line num="226" type="method" name="getCurrentMiddleware" visibility="private" complexity="2" crap="6" count="0"/>
      <line num="228" type="stmt" count="0"/>
      <line num="229" type="stmt" count="0"/>
      <line num="231" type="stmt" count="0"/>
      <line num="232" type="stmt" count="0"/>
      <line num="244" type="method" name="build" visibility="private" complexity="3" crap="12" count="0"/>
      <line num="246" type="stmt" count="0"/>
      <line num="247" type="stmt" count="0"/>
      <line num="249" type="stmt" count="0"/>
      <line num="250" type="stmt" count="0"/>
      <line num="251" type="stmt" count="0"/>
      <line num="253" type="stmt" count="0"/>
      <line num="263" type="method" name="renderer" visibility="public" complexity="2" crap="6" count="0"/>
      <line num="265" type="stmt" count="0"/>
      <line num="266" type="stmt" count="0"/>
      <line num="268" type="stmt" count="0"/>
      <line num="278" type="method" name="emit" visibility="public" complexity="1" crap="2" count="0"/>
      <line num="283" type="stmt" count="0"/>
      <line num="284" type="stmt" count="0"/>
      <line num="285" type="stmt" count="0"/>
      <line num="294" type="method" name="emitter" visibility="public" complexity="1" crap="1" count="2"/>
      <line num="296" type="stmt" count="2"/>
      <line num="304" type="method" name="load" visibility="public" complexity="1" crap="2" count="0"/>
      <line num="306" type="stmt" count="0"/>
      <line num="307" type="stmt" count="0"/>
      <line num="315" type="method" name="pipeReplacement" visibility="private" complexity="1" crap="2" count="0"/>
      <line num="317" type="stmt" count="0"/>
      <line num="318" type="stmt" count="0"/>
      <line num="319" type="stmt" count="0"/>
      <line num="328" type="method" name="pipeAtPosition" visibility="private" complexity="3" crap="12" count="0"/>
      <line num="330" type="stmt" count="0"/>
      <line num="331" type="stmt" count="0"/>
      <line num="334" type="stmt" count="0"/>
      <line num="335" type="stmt" count="0"/>
      <line num="336" type="stmt" count="0"/>
      <line num="338" type="stmt" count="0"/>
      <line num="339" type="stmt" count="0"/>
      <line num="341" type="stmt" count="0"/>
      <line num="348" type="method" name="isValidIndex" visibility="private" complexity="2" crap="6" count="0"/>
      <line num="350" type="stmt" count="0"/>
      <line num="358" type="method" name="validateMiddleware" visibility="private" complexity="2" crap="6" count="0"/>
      <line num="360" type="stmt" count="0"/>
      <line num="361" type="stmt" count="0"/>
      <line num="362" type="stmt" count="0"/>
      <line num="364" type="stmt" count="0"/>
      <line num="370" type="method" name="isValidMiddlewareArg" visibility="private" complexity="3" crap="12" count="0"/>
      <line num="372" type="stmt" count="0"/>
      <line num="379" type="method" name="getMiddlewareArgName" visibility="private" complexity="4" crap="20" count="0"/>
      <line num="381" type="stmt" count="0"/>
      <line num="382" type="stmt" count="0"/>
      <line num="384" type="stmt" count="0"/>
      <line num="385" type="stmt" count="0"/>
      <line num="387" type="stmt" count="0"/>
      <metrics loc="391" ncloc="241" classes="1" methods="23" coveredmethods="4" conditionals="0" coveredconditionals="0" statements="78" coveredstatements="7" elements="101" coveredelements="11"/>
    </file>
    <file name="C:\Users\ilhmu\Documents\GitHub\web\src\Http\Resource.php">
      <class name="Atom\Framework\Http\Resource" namespace="global">
        <metrics complexity="13" methods="6" coveredmethods="0" conditionals="0" coveredconditionals="0" statements="10" coveredstatements="0" elements="16" coveredelements="0"/>
      </class>
      <line num="39" type="method" name="run" visibility="public" complexity="3" crap="12" count="0"/>
      <line num="41" type="stmt" count="0"/>
      <line num="43" type="stmt" count="0"/>
      <line num="44" type="stmt" count="0"/>
      <line num="45" type="stmt" count="0"/>
      <line num="48" type="stmt" count="0"/>
      <line num="62" type="method" name="render" visibility="protected" complexity="1" crap="2" count="0"/>
      <line num="68" type="stmt" count="0"/>
      <line num="71" type="method" name="json" visibility="public" complexity="1" crap="2" count="0"/>
      <line num="73" type="stmt" count="0"/>
      <line num="76" type="method" name="text" visibility="public" complexity="1" crap="2" count="0"/>
      <line num="78" type="stmt" count="0"/>
      <line num="87" type="method" name="redirect" visibility="public" complexity="1" crap="2" count="0"/>
      <line num="89" type="stmt" count="0"/>
      <line num="100" type="method" name="redirectRoute" visibility="public" complexity="1" crap="2" count="0"/>
      <line num="102" type="stmt" count="0"/>
      <metrics loc="124" ncloc="96" classes="1" methods="6" coveredmethods="0" conditionals="0" coveredconditionals="0" statements="10" coveredstatements="0" elements="16" coveredelements="0"/>
    </file>
    <file name="C:\Users\ilhmu\Documents\GitHub\web\src\Http\Response.php">
      <class name="Atom\Framework\Http\Response" namespace="global">
        <metrics complexity="7" methods="7" coveredmethods="0" conditionals="0" coveredconditionals="0" statements="7" coveredstatements="0" elements="14" coveredelements="0"/>
      </class>
      <line num="12" type="method" name="json" visibility="public" complexity="1" crap="2" count="0"/>
      <line num="18" type="stmt" count="0"/>
      <line num="21" type="method" name="jsonString" visibility="public" complexity="1" crap="2" count="0"/>
      <line num="27" type="stmt" count="0"/>
      <line num="30" type="method" name="html" visibility="public" complexity="1" crap="2" count="0"/>
      <line num="35" type="stmt" count="0"/>
      <line num="38" type="method" name="text" visibility="public" complexity="1" crap="2" count="0"/>
      <line num="43" type="stmt" count="0"/>
      <line num="46" type="method" name="empty" visibility="public" complexity="1" crap="2" count="0"/>
      <line num="50" type="stmt" count="0"/>
      <line num="53" type="method" name="redirect" visibility="public" complexity="1" crap="2" count="0"/>
      <line num="58" type="stmt" count="0"/>
      <line num="69" type="method" name="redirectRoute" visibility="public" complexity="1" crap="2" count="0"/>
      <line num="75" type="stmt" count="0"/>
      <metrics loc="77" ncloc="69" classes="1" methods="7" coveredmethods="0" conditionals="0" coveredconditionals="0" statements="7" coveredstatements="0" elements="14" coveredelements="0"/>
    </file>
    <file name="C:\Users\ilhmu\Documents\GitHub\web\src\Kernel.php">
      <class name="Atom\Framework\Kernel" namespace="global">
        <metrics complexity="23" methods="17" coveredmethods="16" conditionals="0" coveredconditionals="0" statements="56" coveredstatements="54" elements="73" coveredelements="70"/>
      </class>
      <line num="55" type="method" name="__construct" visibility="public" complexity="1" crap="1" count="28"/>
      <line num="61" type="stmt" count="28"/>
      <line num="62" type="stmt" count="28"/>
      <line num="63" type="stmt" count="28"/>
      <line num="64" type="stmt" count="28"/>
      <line num="65" type="stmt" count="28"/>
      <line num="66" type="stmt" count="28"/>
      <line num="71" type="method" name="env" visibility="public" complexity="1" crap="1" count="28"/>
      <line num="73" type="stmt" count="28"/>
      <line num="84" type="method" name="get" visibility="public" complexity="1" crap="1" count="5"/>
      <line num="86" type="stmt" count="5"/>
      <line num="92" type="method" name="appPath" visibility="public" complexity="1" crap="1" count="28"/>
      <line num="94" type="stmt" count="28"/>
      <line num="100" type="method" name="container" visibility="public" complexity="1" crap="1" count="28"/>
      <line num="102" type="stmt" count="28"/>
      <line num="108" type="method" name="eventDispatcher" visibility="public" complexity="1" crap="1" count="28"/>
      <line num="110" type="stmt" count="28"/>
      <line num="119" type="method" name="use" visibility="public" complexity="3" crap="3" count="28"/>
      <line num="121" type="stmt" count="28"/>
      <line num="122" type="stmt" count="28"/>
      <line num="123" type="stmt" count="28"/>
      <line num="124" type="stmt" count="1"/>
      <line num="127" type="stmt" count="28"/>
      <line num="128" type="stmt" count="28"/>
      <line num="129" type="stmt" count="28"/>
      <line num="130" type="stmt" count="1"/>
      <line num="131" type="stmt" count="1"/>
      <line num="132" type="stmt" count="1"/>
      <line num="134" type="stmt" count="28"/>
      <line num="141" type="method" name="providerRegistered" visibility="public" complexity="1" crap="1" count="28"/>
      <line num="143" type="stmt" count="28"/>
      <line num="152" type="method" name="providers" visibility="public" complexity="2" crap="2" count="15"/>
      <line num="154" type="stmt" count="15"/>
      <line num="155" type="stmt" count="1"/>
      <line num="157" type="stmt" count="15"/>
      <line num="163" type="method" name="boot" visibility="public" complexity="1" crap="1" count="1"/>
      <line num="165" type="stmt" count="1"/>
      <line num="166" type="stmt" count="1"/>
      <line num="167" type="stmt" count="1"/>
      <line num="170" type="method" name="getKernel" visibility="public" complexity="1" crap="1" count="28"/>
      <line num="172" type="stmt" count="28"/>
      <line num="179" type="method" name="ensureNotBooted" visibility="private" complexity="2" crap="2.50" count="28"/>
      <line num="181" type="stmt" count="28"/>
      <line num="182" type="stmt" count="0"/>
      <line num="183" type="stmt" count="0"/>
      <line num="185" type="stmt" count="28"/>
      <line num="191" type="method" name="providesUtils" visibility="private" complexity="1" crap="1" count="28"/>
      <line num="193" type="stmt" count="28"/>
      <line num="194" type="stmt" count="28"/>
      <line num="195" type="stmt" count="28"/>
      <line num="196" type="stmt" count="28"/>
      <line num="202" type="method" name="provideContainer" visibility="private" complexity="2" crap="2" count="28"/>
      <line num="204" type="stmt" count="28"/>
      <line num="205" type="stmt" count="28"/>
      <line num="206" type="stmt" count="28"/>
      <line num="207" type="stmt" count="28"/>
      <line num="208" type="stmt" count="28"/>
      <line num="211" type="stmt" count="28"/>
      <line num="217" type="method" name="provideEventDispatcher" visibility="private" complexity="2" crap="2" count="28"/>
      <line num="220" type="stmt" count="28"/>
      <line num="222" type="stmt" count="28"/>
      <line num="224" type="stmt" count="28"/>
      <line num="225" type="stmt" count="28"/>
      <line num="226" type="stmt" count="28"/>
      <line num="227" type="stmt" count="28"/>
      <line num="230" type="stmt" count="28"/>
      <line num="236" type="method" name="provideEnv" visibility="private" complexity="1" crap="1" count="28"/>
      <line num="238" type="stmt" count="28"/>
      <line num="239" type="stmt" count="28"/>
      <line num="240" type="stmt" count="28"/>
      <line num="242" type="stmt" count="28"/>
      <line num="247" type="method" name="getRegisteredProviders" visibility="public" complexity="1" crap="1" count="5"/>
      <line num="249" type="stmt" count="5"/>
      <metrics loc="251" ncloc="168" classes="1" methods="17" coveredmethods="16" conditionals="0" coveredconditionals="0" statements="56" coveredstatements="54" elements="73" coveredelements="70"/>
    </file>
    <file name="C:\Users\ilhmu\Documents\GitHub\web\src\Rendering\RoutingExtensionProvider.php">
      <class name="Atom\Framework\Rendering\RoutingExtensionProvider" namespace="global">
        <metrics complexity="2" methods="2" coveredmethods="0" conditionals="0" coveredconditionals="0" statements="2" coveredstatements="0" elements="4" coveredelements="0"/>
      </class>
      <line num="16" type="method" name="__construct" visibility="public" complexity="1" crap="2" count="0"/>
      <line num="18" type="stmt" count="0"/>
      <line num="21" type="method" name="getExtensions" visibility="public" complexity="1" crap="2" count="0"/>
      <line num="23" type="stmt" count="0"/>
      <metrics loc="28" ncloc="25" classes="1" methods="2" coveredmethods="0" conditionals="0" coveredconditionals="0" statements="2" coveredstatements="0" elements="4" coveredelements="0"/>
    </file>
    <file name="C:\Users\ilhmu\Documents\GitHub\web\src\WebServiceProvider.php">
      <class name="Atom\Framework\WebServiceProvider" namespace="global">
        <metrics complexity="32" methods="15" coveredmethods="14" conditionals="0" coveredconditionals="0" statements="73" coveredstatements="72" elements="88" coveredelements="86"/>
      </class>
      <line num="48" type="method" name="create" visibility="public" complexity="1" crap="1" count="19"/>
      <line num="50" type="stmt" count="19"/>
      <line num="62" type="method" name="register" visibility="public" complexity="1" crap="1" count="28"/>
      <line num="64" type="stmt" count="28"/>
      <line num="65" type="stmt" count="28"/>
      <line num="66" type="stmt" count="28"/>
      <line num="67" type="stmt" count="28"/>
      <line num="68" type="stmt" count="28"/>
      <line num="69" type="stmt" count="28"/>
      <line num="70" type="stmt" count="28"/>
      <line num="71" type="stmt" count="28"/>
      <line num="72" type="stmt" count="28"/>
      <line num="79" type="method" name="requestHandler" visibility="public" complexity="4" crap="4" count="15"/>
      <line num="81" type="stmt" count="15"/>
      <line num="82" type="stmt" count="8"/>
      <line num="84" type="stmt" count="7"/>
      <line num="85" type="stmt" count="1"/>
      <line num="87" type="stmt" count="1"/>
      <line num="90" type="stmt" count="7"/>
      <line num="91" type="stmt" count="7"/>
      <line num="98" type="method" name="emitter" visibility="public" complexity="4" crap="4" count="15"/>
      <line num="100" type="stmt" count="15"/>
      <line num="101" type="stmt" count="13"/>
      <line num="103" type="stmt" count="2"/>
      <line num="104" type="stmt" count="1"/>
      <line num="106" type="stmt" count="1"/>
      <line num="109" type="stmt" count="2"/>
      <line num="110" type="stmt" count="2"/>
      <line num="117" type="method" name="publicPath" visibility="public" complexity="1" crap="1" count="1"/>
      <line num="119" type="stmt" count="1"/>
      <line num="120" type="stmt" count="1"/>
      <line num="128" type="method" name="router" visibility="public" complexity="4" crap="4" count="15"/>
      <line num="130" type="stmt" count="15"/>
      <line num="131" type="stmt" count="12"/>
      <line num="133" type="stmt" count="3"/>
      <line num="134" type="stmt" count="1"/>
      <line num="136" type="stmt" count="1"/>
      <line num="139" type="stmt" count="3"/>
      <line num="140" type="stmt" count="3"/>
      <line num="150" type="method" name="provideRequestHandler" visibility="private" complexity="3" crap="3" count="28"/>
      <line num="152" type="stmt" count="28"/>
      <line num="153" type="stmt" count="28"/>
      <line num="154" type="stmt" count="28"/>
      <line num="155" type="stmt" count="28"/>
      <line num="156" type="stmt" count="5"/>
      <line num="158" type="stmt" count="28"/>
      <line num="159" type="stmt" count="28"/>
      <line num="161" type="stmt" count="28"/>
      <line num="170" type="method" name="providerRouting" visibility="private" complexity="3" crap="3.01" count="28"/>
      <line num="172" type="stmt" count="28"/>
      <line num="173" type="stmt" count="28"/>
      <line num="174" type="stmt" count="28"/>
      <line num="175" type="stmt" count="1"/>
      <line num="177" type="stmt" count="28"/>
      <line num="178" type="stmt" count="28"/>
      <line num="181" type="stmt" count="28"/>
      <line num="182" type="stmt" count="0"/>
      <line num="183" type="stmt" count="28"/>
      <line num="184" type="stmt" count="28"/>
      <line num="193" type="method" name="provideApp" visibility="private" complexity="1" crap="1" count="28"/>
      <line num="195" type="stmt" count="28"/>
      <line num="196" type="stmt" count="28"/>
      <line num="197" type="stmt" count="28"/>
      <line num="206" type="method" name="provideEmitter" visibility="private" complexity="2" crap="2" count="28"/>
      <line num="208" type="stmt" count="28"/>
      <line num="209" type="stmt" count="28"/>
      <line num="210" type="stmt" count="28"/>
      <line num="211" type="stmt" count="28"/>
      <line num="213" type="stmt" count="28"/>
      <line num="222" type="method" name="makeRouter" visibility="private" complexity="2" crap="2" count="28"/>
      <line num="224" type="stmt" count="28"/>
      <line num="225" type="stmt" count="25"/>
      <line num="227" type="stmt" count="3"/>
      <line num="237" type="method" name="makeEmitter" visibility="private" complexity="2" crap="2" count="28"/>
      <line num="239" type="stmt" count="28"/>
      <line num="240" type="stmt" count="26"/>
      <line num="242" type="stmt" count="2"/>
      <line num="252" type="method" name="makeRequestHandler" visibility="private" complexity="2" crap="2" count="28"/>
      <line num="254" type="stmt" count="28"/>
      <line num="255" type="stmt" count="21"/>
      <line num="257" type="stmt" count="7"/>
      <line num="261" type="method" name="provideDotEnv" visibility="private" complexity="1" crap="1" count="28"/>
      <line num="263" type="stmt" count="28"/>
      <line num="264" type="stmt" count="28"/>
      <line num="270" type="method" name="providePath" visibility="private" complexity="1" crap="1" count="28"/>
      <line num="272" type="stmt" count="28"/>
      <line num="273" type="stmt" count="28"/>
      <line num="274" type="stmt" count="28"/>
      <metrics loc="275" ncloc="185" classes="1" methods="15" coveredmethods="14" conditionals="0" coveredconditionals="0" statements="73" coveredstatements="72" elements="88" coveredelements="86"/>
    </file>
    <file name="C:\Users\ilhmu\Documents\GitHub\web\src\helpers.php">
      <line num="22" type="stmt" count="0"/>
      <line num="31" type="stmt" count="0"/>
      <metrics loc="33" ncloc="21" classes="0" methods="0" coveredmethods="0" conditionals="0" coveredconditionals="0" statements="2" coveredstatements="0" elements="2" coveredelements="0"/>
    </file>
    <metrics files="49" loc="3982" ncloc="2889" classes="34" methods="221" coveredmethods="93" conditionals="0" coveredconditionals="0" statements="667" coveredstatements="274" elements="888" coveredelements="367"/>
  </project>
</coverage>
